# JRE version: OpenJDK Runtime Environment (8.0_242-b01) (build 1.8.0_242-release-1644-b01)
# Java VM: OpenJDK 64-Bit Server VM (25.242-b01 mixed mode windows-amd64 compressed oops)
Heap:
 PSYoungGen      total 376320K, used 178597K [0x00000000e0000000, 0x0000000100000000, 0x0000000100000000)
  eden space 222208K, 49% used [0x00000000e0000000,0x00000000e6b58dc8,0x00000000ed900000)
  from space 154112K, 44% used [0x00000000f6980000,0x00000000fac90838,0x0000000100000000)
  to   space 147968K, 0% used [0x00000000ed900000,0x00000000ed900000,0x00000000f6980000)
 ParOldGen       total 332800K, used 276169K [0x00000000a0000000, 0x00000000b4500000, 0x00000000e0000000)
  object space 332800K, 82% used [0x00000000a0000000,0x00000000b0db27e0,0x00000000b4500000)
 Metaspace       used 157607K, capacity 166796K, committed 167064K, reserved 1193984K
  class space    used 19492K, capacity 21537K, committed 21680K, reserved 1048576K
GC Heap History (10 events):
Event: 3906.015 GC heap before
{Heap before GC invocations=35 (full 5):
 PSYoungGen      total 352256K, used 352233K [0x00000000e0000000, 0x0000000100000000, 0x0000000100000000)
  eden space 278528K, 100% used [0x00000000e0000000,0x00000000f1000000,0x00000000f1000000)
  from space 73728K, 99% used [0x00000000f1000000,0x00000000f57fa7b8,0x00000000f5800000)
  to   space 108544K, 0% used [0x00000000f9600000,0x00000000f9600000,0x0000000100000000)
 ParOldGen       total 332800K, used 201796K [0x00000000a0000000, 0x00000000b4500000, 0x00000000e0000000)
  object space 332800K, 60% used [0x00000000a0000000,0x00000000ac5112f0,0x00000000b4500000)
 Metaspace       used 136378K, capacity 144736K, committed 145304K, reserved 1175552K
  class space    used 16846K, capacity 18651K, committed 18864K, reserved 1048576K
Event: 3906.139 GC heap after
Heap after GC invocations=35 (full 5):
 PSYoungGen      total 399360K, used 80949K [0x00000000e0000000, 0x0000000100000000, 0x0000000100000000)
  eden space 290816K, 0% used [0x00000000e0000000,0x00000000e0000000,0x00000000f1c00000)
  from space 108544K, 74% used [0x00000000f9600000,0x00000000fe50d580,0x0000000100000000)
  to   space 116736K, 0% used [0x00000000f1c00000,0x00000000f1c00000,0x00000000f8e00000)
 ParOldGen       total 332800K, used 201804K [0x00000000a0000000, 0x00000000b4500000, 0x00000000e0000000)
  object space 332800K, 60% used [0x00000000a0000000,0x00000000ac5132f0,0x00000000b4500000)
 Metaspace       used 136378K, capacity 144736K, committed 145304K, reserved 1175552K
  class space    used 16846K, capacity 18651K, committed 18864K, reserved 1048576K
}
Event: 3908.487 GC heap before
{Heap before GC invocations=36 (full 5):
 PSYoungGen      total 399360K, used 371765K [0x00000000e0000000, 0x0000000100000000, 0x0000000100000000)
  eden space 290816K, 100% used [0x00000000e0000000,0x00000000f1c00000,0x00000000f1c00000)
  from space 108544K, 74% used [0x00000000f9600000,0x00000000fe50d580,0x0000000100000000)
  to   space 116736K, 0% used [0x00000000f1c00000,0x00000000f1c00000,0x00000000f8e00000)
 ParOldGen       total 332800K, used 201804K [0x00000000a0000000, 0x00000000b4500000, 0x00000000e0000000)
  object space 332800K, 60% used [0x00000000a0000000,0x00000000ac5132f0,0x00000000b4500000)
 Metaspace       used 142560K, capacity 150962K, committed 151320K, reserved 1181696K
  class space    used 17571K, capacity 19398K, committed 19504K, reserved 1048576K
Event: 3908.591 GC heap after
Heap after GC invocations=36 (full 5):
 PSYoungGen      total 369152K, used 78112K [0x00000000e0000000, 0x0000000100000000, 0x0000000100000000)
  eden space 290816K, 0% used [0x00000000e0000000,0x00000000e0000000,0x00000000f1c00000)
  from space 78336K, 99% used [0x00000000f1c00000,0x00000000f68480f8,0x00000000f6880000)
  to   space 121856K, 0% used [0x00000000f8900000,0x00000000f8900000,0x0000000100000000)
 ParOldGen       total 332800K, used 201804K [0x00000000a0000000, 0x00000000b4500000, 0x00000000e0000000)
  object space 332800K, 60% used [0x00000000a0000000,0x00000000ac5132f0,0x00000000b4500000)
 Metaspace       used 142560K, capacity 150962K, committed 151320K, reserved 1181696K
  class space    used 17571K, capacity 19398K, committed 19504K, reserved 1048576K
}
Event: 3936.610 GC heap before
{Heap before GC invocations=37 (full 5):
 PSYoungGen      total 369152K, used 368928K [0x00000000e0000000, 0x0000000100000000, 0x0000000100000000)
  eden space 290816K, 100% used [0x00000000e0000000,0x00000000f1c00000,0x00000000f1c00000)
  from space 78336K, 99% used [0x00000000f1c00000,0x00000000f68480f8,0x00000000f6880000)
  to   space 121856K, 0% used [0x00000000f8900000,0x00000000f8900000,0x0000000100000000)
 ParOldGen       total 332800K, used 201804K [0x00000000a0000000, 0x00000000b4500000, 0x00000000e0000000)
  object space 332800K, 60% used [0x00000000a0000000,0x00000000ac5132f0,0x00000000b4500000)
 Metaspace       used 149606K, capacity 158194K, committed 158616K, reserved 1187840K
  class space    used 18393K, capacity 20264K, committed 20400K, reserved 1048576K
Event: 3936.748 GC heap after
Heap after GC invocations=37 (full 5):
 PSYoungGen      total 351232K, used 121828K [0x00000000e0000000, 0x0000000100000000, 0x0000000100000000)
  eden space 229376K, 0% used [0x00000000e0000000,0x00000000e0000000,0x00000000ee000000)
  from space 121856K, 99% used [0x00000000f8900000,0x00000000ffff91a0,0x0000000100000000)
  to   space 147456K, 0% used [0x00000000ee000000,0x00000000ee000000,0x00000000f7000000)
 ParOldGen       total 332800K, used 216732K [0x00000000a0000000, 0x00000000b4500000, 0x00000000e0000000)
  object space 332800K, 65% used [0x00000000a0000000,0x00000000ad3a7068,0x00000000b4500000)
 Metaspace       used 149606K, capacity 158194K, committed 158616K, reserved 1187840K
  class space    used 18393K, capacity 20264K, committed 20400K, reserved 1048576K
}
Event: 3939.803 GC heap before
{Heap before GC invocations=38 (full 5):
 PSYoungGen      total 351232K, used 351204K [0x00000000e0000000, 0x0000000100000000, 0x0000000100000000)
  eden space 229376K, 100% used [0x00000000e0000000,0x00000000ee000000,0x00000000ee000000)
  from space 121856K, 99% used [0x00000000f8900000,0x00000000ffff91a0,0x0000000100000000)
  to   space 147456K, 0% used [0x00000000ee000000,0x00000000ee000000,0x00000000f7000000)
 ParOldGen       total 332800K, used 216732K [0x00000000a0000000, 0x00000000b4500000, 0x00000000e0000000)
  object space 332800K, 65% used [0x00000000a0000000,0x00000000ad3a7068,0x00000000b4500000)
 Metaspace       used 151420K, capacity 160066K, committed 160408K, reserved 1189888K
  class space    used 18559K, capacity 20452K, committed 20656K, reserved 1048576K
Event: 3939.893 GC heap after
Heap after GC invocations=38 (full 5):
 PSYoungGen      total 329728K, used 100068K [0x00000000e0000000, 0x0000000100000000, 0x0000000100000000)
  eden space 229376K, 0% used [0x00000000e0000000,0x00000000e0000000,0x00000000ee000000)
  from space 100352K, 99% used [0x00000000ee000000,0x00000000f41b92c8,0x00000000f4200000)
  to   space 154112K, 0% used [0x00000000f6980000,0x00000000f6980000,0x0000000100000000)
 ParOldGen       total 332800K, used 227383K [0x00000000a0000000, 0x00000000b4500000, 0x00000000e0000000)
  object space 332800K, 68% used [0x00000000a0000000,0x00000000ade0dfd0,0x00000000b4500000)
 Metaspace       used 151420K, capacity 160066K, committed 160408K, reserved 1189888K
  class space    used 18559K, capacity 20452K, committed 20656K, reserved 1048576K
}
Event: 3943.704 GC heap before
{Heap before GC invocations=39 (full 5):
 PSYoungGen      total 329728K, used 329444K [0x00000000e0000000, 0x0000000100000000, 0x0000000100000000)
  eden space 229376K, 100% used [0x00000000e0000000,0x00000000ee000000,0x00000000ee000000)
  from space 100352K, 99% used [0x00000000ee000000,0x00000000f41b92c8,0x00000000f4200000)
  to   space 154112K, 0% used [0x00000000f6980000,0x00000000f6980000,0x0000000100000000)
 ParOldGen       total 332800K, used 227383K [0x00000000a0000000, 0x00000000b4500000, 0x00000000e0000000)
  object space 332800K, 68% used [0x00000000a0000000,0x00000000ade0dfd0,0x00000000b4500000)
 Metaspace       used 156521K, capacity 165656K, committed 165784K, reserved 1193984K
  class space    used 19301K, capacity 21337K, committed 21424K, reserved 1048576K
Event: 3943.890 GC heap after
Heap after GC invocations=39 (full 5):
 PSYoungGen      total 376320K, used 68674K [0x00000000e0000000, 0x0000000100000000, 0x0000000100000000)
  eden space 222208K, 0% used [0x00000000e0000000,0x00000000e0000000,0x00000000ed900000)
  from space 154112K, 44% used [0x00000000f6980000,0x00000000fac90838,0x0000000100000000)
  to   space 147968K, 0% used [0x00000000ed900000,0x00000000ed900000,0x00000000f6980000)
 ParOldGen       total 332800K, used 276169K [0x00000000a0000000, 0x00000000b4500000, 0x00000000e0000000)
  object space 332800K, 82% used [0x00000000a0000000,0x00000000b0db27e0,0x00000000b4500000)
 Metaspace       used 156521K, capacity 165656K, committed 165784K, reserved 1193984K
  class space    used 19301K, capacity 21337K, committed 21424K, reserved 1048576K
}

